<?xml version="1.0" encoding="UTF-8"?>
<testsuite xmlns:xsi="http://www.w3.org/2001/XMLSchema-instance" xsi:noNamespaceSchemaLocation="https://maven.apache.org/surefire/maven-surefire-plugin/xsd/surefire-test-report-3.0.xsd" version="3.0" name="com.demo.serverreload.ServerReloadApplicationTests" time="3.712" tests="1" errors="0" skipped="0" failures="0">
  <properties>
[...]
</properties>
  <testcase name="contextLoads" classname="com.demo.serverreload.ServerReloadApplicationTests" time="1.264">
    <system-out><![CDATA[15:54:13.513 [main] INFO org.springframework.test.context.support.AnnotationConfigContextLoaderUtils -- Could not detect default configuration classes for test class [com.demo.serverreload.ServerReloadApplicationTests]: ServerReloadApplicationTests does not declare any static, non-private, non-final, nested classes annotated with @Configuration.
15:54:13.651 [main] INFO org.springframework.boot.test.context.SpringBootTestContextBootstrapper -- Found @SpringBootConfiguration com.demo.serverreload.ServerReloadApplication for test class com.demo.serverreload.ServerReloadApplicationTests
15:54:13.872 [main] INFO org.springframework.boot.devtools.restart.RestartApplicationListener -- Restart disabled due to context in which it is running

  .   ____          _            __ _ _
 /\\ / ___'_ __ _ _(_)_ __  __ _ \ \ \ \
( ( )\___ | '_ | '_| | '_ \/ _` | \ \ \ \
 \\/  ___)| |_)| | | | | || (_| |  ) ) ) )
  '  |____| .__|_| |_|_| |_\__, | / / / /
 =========|_|==============|___/=/_/_/_/
 :: Spring Boot ::                (v3.1.5)

2023-11-07T15:54:14.193-03:00  INFO 14768 --- [           main] c.d.s.ServerReloadApplicationTests       : Starting ServerReloadApplicationTests using Java 17.0.7 with PID 14768 (started by nico- in Z:\YoProgramo\Mis Proyectos\ReloadServerBack\server-reload)
2023-11-07T15:54:14.195-03:00  INFO 14768 --- [           main] c.d.s.ServerReloadApplicationTests       : No active profile set, falling back to 1 default profile: "default"
2023-11-07T15:54:15.718-03:00  INFO 14768 --- [           main] c.d.s.ServerReloadApplicationTests       : Started ServerReloadApplicationTests in 1.862 seconds (process running for 3.137)
]]></system-out>
  </testcase>
</testsuite>